<?xml version="1.0" encoding="UTF-8"?><testsuite errors="0" failures="1" name="as a user I wish perform destination specific search" skipped="0" tests="1" time="42.45" timestamp="2021-12-13 06:13:33"><testcase name="validate option explorer destiny with dates"><failure message="Expected enabled element was not enabled" type="net.thucydides.core.webdriver.exceptions.ElementShouldBeEnabledException">Expected enabled element was not enabled</failure><system-err>Expected enabled element was not enabled&#13;
co.com.tcs.certification.aviancawebtest.tasks.SelectDataTask.performAs(SelectDataTask.java:30)&#13;
co.com.tcs.certification.aviancawebtest.stepdefinitions.Hu4ExploreDestinationsStepDefinitios.theUserCanSelectTheData(Hu4ExploreDestinationsStepDefinitios.java:57)&#13;
cucumber.runner.Runner.runPickle(Runner.java:80)&#13;
</system-err></testcase></testsuite>