<?xml version="1.0" encoding="UTF-8"?><testsuite errors="1" failures="0" name="as a user want to validate the status of my flight" skipped="0" tests="1" time="42.36" timestamp="2021-12-13 04:52:36"><testcase name="consult flight status for number of flight"><error message="no such element: Unable to locate element: {&quot;method&quot;:&quot;xpath&quot;,&quot;selector&quot;:&quot;(//*[contains(text(),'CONFIRMADO')])[1]&quot;}&#10;  (Session info: MicrosoftEdge=96.0.1054.53)&#10;For documentation on this error, please visit: https://www.seleniumhq.org/exceptions/no_such_element.html&#10;Build info: version: '3.141.59', revision: 'e82be7d358', time: '2018-11-14T08:17:03'&#10;System info: host: '50HW014324', ip: '169.254.250.168', os.name: 'Windows 10', os.arch: 'amd64', os.version: '10.0', java.version: '1.8.0_191'&#10;Driver info: org.openqa.selenium.edge.EdgeDriver&#10;Capabilities {acceptInsecureCerts: false, browserName: msedge, browserVersion: 96.0.1054.53, javascriptEnabled: true, ms:edgeOptions: {debuggerAddress: localhost:59824}, msedge: {msedgedriverVersion: 95.0.1020.44 (745fe8ef5b67d..., userDataDir: C:\Users\2115665\AppData\Lo...}, networkConnectionEnabled: false, pageLoadStrategy: normal, platform: WINDOWS, platformName: WINDOWS, proxy: Proxy(), setWindowRect: true, strictFileInteractability: false, timeouts: {implicit: 0, pageLoad: 300000, script: 30000}, unhandledPromptBehavior: dismiss and notify, webauthn:extension:credBlob: true, webauthn:extension:largeBlob: true, webauthn:virtualAuthenticators: true}&#10;Session ID: ac11facb08dca689b81626db0ec3f17c&#10;*** Element info: {Using=xpath, value=(//*[contains(text(),'CONFIRMADO')])[1]}" type="java.lang.AssertionError">no such element: Unable to locate element: {"method":"xpath","selector":"(//*[contains(text(),'CONFIRMADO')])[1]"}
  (Session info: MicrosoftEdge=96.0.1054.53)
For documentation on this error, please visit: https://www.seleniumhq.org/exceptions/no_such_element.html
Build info: version: '3.141.59', revision: 'e82be7d358', time: '2018-11-14T08:17:03'
System info: host: '50HW014324', ip: '169.254.250.168', os.name: 'Windows 10', os.arch: 'amd64', os.version: '10.0', java.version: '1.8.0_191'
Driver info: org.openqa.selenium.edge.EdgeDriver
Capabilities {acceptInsecureCerts: false, browserName: msedge, browserVersion: 96.0.1054.53, javascriptEnabled: true, ms:edgeOptions: {debuggerAddress: localhost:59824}, msedge: {msedgedriverVersion: 95.0.1020.44 (745fe8ef5b67d..., userDataDir: C:\Users\2115665\AppData\Lo...}, networkConnectionEnabled: false, pageLoadStrategy: normal, platform: WINDOWS, platformName: WINDOWS, proxy: Proxy(), setWindowRect: true, strictFileInteractability: false, timeouts: {implicit: 0, pageLoad: 300000, script: 30000}, unhandledPromptBehavior: dismiss and notify, webauthn:extension:credBlob: true, webauthn:extension:largeBlob: true, webauthn:virtualAuthenticators: true}
Session ID: ac11facb08dca689b81626db0ec3f17c
*** Element info: {Using=xpath, value=(//*[contains(text(),'CONFIRMADO')])[1]}</error><system-err>no such element: Unable to locate element: {"method":"xpath","selector":"(//*[contains(text(),'CONFIRMADO')])[1]"}
  (Session info: MicrosoftEdge=96.0.1054.53)
For documentation on this error, please visit: https://www.seleniumhq.org/exceptions/no_such_element.html
Build info: version: '3.141.59', revision: 'e82be7d358', time: '2018-11-14T08:17:03'
System info: host: '50HW014324', ip: '169.254.250.168', os.name: 'Windows 10', os.arch: 'amd64', os.version: '10.0', java.version: '1.8.0_191'
Driver info: org.openqa.selenium.edge.EdgeDriver
Capabilities {acceptInsecureCerts: false, browserName: msedge, browserVersion: 96.0.1054.53, javascriptEnabled: true, ms:edgeOptions: {debuggerAddress: localhost:59824}, msedge: {msedgedriverVersion: 95.0.1020.44 (745fe8ef5b67d..., userDataDir: C:\Users\2115665\AppData\Lo...}, networkConnectionEnabled: false, pageLoadStrategy: normal, platform: WINDOWS, platformName: WINDOWS, proxy: Proxy(), setWindowRect: true, strictFileInteractability: false, timeouts: {implicit: 0, pageLoad: 300000, script: 30000}, unhandledPromptBehavior: dismiss and notify, webauthn:extension:credBlob: true, webauthn:extension:largeBlob: true, webauthn:virtualAuthenticators: true}
Session ID: ac11facb08dca689b81626db0ec3f17c
*** Element info: {Using=xpath, value=(//*[contains(text(),'CONFIRMADO')])[1]}&#13;
co.com.tcs.certification.aviancawebtest.stepdefinitions.Hu3StateFlightStepDefinitions.theUserWillWatchTheStateConfirmedCONFIRMADO(Hu3StateFlightStepDefinitions.java:73)&#13;
✽.the user will watch the state confirmed CONFIRMADO(src/test/resources/features/hu3_state_flight.feature:28)&#13;
</system-err></testcase></testsuite>