<?xml version="1.0" encoding="UTF-8"?><testsuite errors="1" failures="0" name="as a user want to validate the status of my flight" skipped="0" tests="1" time="42.65" timestamp="2021-12-13 05:01:46"><testcase name="consult flight status"><error message="no such element: Unable to locate element: {&quot;method&quot;:&quot;xpath&quot;,&quot;selector&quot;:&quot;(//div[@id='cardFlightNumber']/div[@class='card-fligth-number-data']/label)[1]&quot;}&#10;  (Session info: MicrosoftEdge=96.0.1054.53)&#10;For documentation on this error, please visit: https://www.seleniumhq.org/exceptions/no_such_element.html&#10;Build info: version: '3.141.59', revision: 'e82be7d358', time: '2018-11-14T08:17:03'&#10;System info: host: '50HW014324', ip: '169.254.250.168', os.name: 'Windows 10', os.arch: 'amd64', os.version: '10.0', java.version: '1.8.0_191'&#10;Driver info: org.openqa.selenium.edge.EdgeDriver&#10;Capabilities {acceptInsecureCerts: false, browserName: msedge, browserVersion: 96.0.1054.53, javascriptEnabled: true, ms:edgeOptions: {debuggerAddress: localhost:61718}, msedge: {msedgedriverVersion: 95.0.1020.44 (745fe8ef5b67d..., userDataDir: C:\Users\2115665\AppData\Lo...}, networkConnectionEnabled: false, pageLoadStrategy: normal, platform: WINDOWS, platformName: WINDOWS, proxy: Proxy(), setWindowRect: true, strictFileInteractability: false, timeouts: {implicit: 0, pageLoad: 300000, script: 30000}, unhandledPromptBehavior: dismiss and notify, webauthn:extension:credBlob: true, webauthn:extension:largeBlob: true, webauthn:virtualAuthenticators: true}&#10;Session ID: 22b88baa677fa4f960421f4b2fb5e009&#10;*** Element info: {Using=xpath, value=(//div[@id='cardFlightNumber']/div[@class='card-fligth-number-data']/label)[1]}" type="org.openqa.selenium.NoSuchElementException">no such element: Unable to locate element: {"method":"xpath","selector":"(//div[@id='cardFlightNumber']/div[@class='card-fligth-number-data']/label)[1]"}
  (Session info: MicrosoftEdge=96.0.1054.53)
For documentation on this error, please visit: https://www.seleniumhq.org/exceptions/no_such_element.html
Build info: version: '3.141.59', revision: 'e82be7d358', time: '2018-11-14T08:17:03'
System info: host: '50HW014324', ip: '169.254.250.168', os.name: 'Windows 10', os.arch: 'amd64', os.version: '10.0', java.version: '1.8.0_191'
Driver info: org.openqa.selenium.edge.EdgeDriver
Capabilities {acceptInsecureCerts: false, browserName: msedge, browserVersion: 96.0.1054.53, javascriptEnabled: true, ms:edgeOptions: {debuggerAddress: localhost:61718}, msedge: {msedgedriverVersion: 95.0.1020.44 (745fe8ef5b67d..., userDataDir: C:\Users\2115665\AppData\Lo...}, networkConnectionEnabled: false, pageLoadStrategy: normal, platform: WINDOWS, platformName: WINDOWS, proxy: Proxy(), setWindowRect: true, strictFileInteractability: false, timeouts: {implicit: 0, pageLoad: 300000, script: 30000}, unhandledPromptBehavior: dismiss and notify, webauthn:extension:credBlob: true, webauthn:extension:largeBlob: true, webauthn:virtualAuthenticators: true}
Session ID: 22b88baa677fa4f960421f4b2fb5e009
*** Element info: {Using=xpath, value=(//div[@id='cardFlightNumber']/div[@class='card-fligth-number-data']/label)[1]}</error><system-err>no such element: Unable to locate element: {"method":"xpath","selector":"(//div[@id='cardFlightNumber']/div[@class='card-fligth-number-data']/label)[1]"}
  (Session info: MicrosoftEdge=96.0.1054.53)
For documentation on this error, please visit: https://www.seleniumhq.org/exceptions/no_such_element.html
Build info: version: '3.141.59', revision: 'e82be7d358', time: '2018-11-14T08:17:03'
System info: host: '50HW014324', ip: '169.254.250.168', os.name: 'Windows 10', os.arch: 'amd64', os.version: '10.0', java.version: '1.8.0_191'
Driver info: org.openqa.selenium.edge.EdgeDriver
Capabilities {acceptInsecureCerts: false, browserName: msedge, browserVersion: 96.0.1054.53, javascriptEnabled: true, ms:edgeOptions: {debuggerAddress: localhost:61718}, msedge: {msedgedriverVersion: 95.0.1020.44 (745fe8ef5b67d..., userDataDir: C:\Users\2115665\AppData\Lo...}, networkConnectionEnabled: false, pageLoadStrategy: normal, platform: WINDOWS, platformName: WINDOWS, proxy: Proxy(), setWindowRect: true, strictFileInteractability: false, timeouts: {implicit: 0, pageLoad: 300000, script: 30000}, unhandledPromptBehavior: dismiss and notify, webauthn:extension:credBlob: true, webauthn:extension:largeBlob: true, webauthn:virtualAuthenticators: true}
Session ID: 22b88baa677fa4f960421f4b2fb5e009
*** Element info: {Using=xpath, value=(//div[@id='cardFlightNumber']/div[@class='card-fligth-number-data']/label)[1]}&#13;
co.com.tcs.certification.aviancawebtest.interactions.EnterInformation.performAs(EnterInformation.java:57)&#13;
co.com.tcs.certification.aviancawebtest.tasks.SubmitInformationFlightTask.performAs(SubmitInformationFlightTask.java:20)&#13;
co.com.tcs.certification.aviancawebtest.stepdefinitions.Hu3StateFlightStepDefinitions.theUserEnterTheOriginDestinationAndDateOfFlight(Hu3StateFlightStepDefinitions.java:63)&#13;
cucumber.runner.Runner.runPickle(Runner.java:80)&#13;
</system-err></testcase></testsuite>